C51 COMPILER V9.52.0.0   UART                                                              09/18/2016 19:33:15 PAGE 1   


C51 COMPILER V9.52.0.0, COMPILATION OF MODULE UART
OBJECT MODULE PLACED IN Uart.obj
COMPILER INVOKED BY: D:\keil 5 MDK\C51\BIN\C51.EXE source\Uart.c LARGE BROWSE DEBUG OBJECTEXTEND PRINT(.\Uart.lst) TABS(
                    -2) OBJECT(Uart.obj)

line level    source

   1          /*------------------------------------------------------------------*/
   2          /* --- STC MCU Limited ---------------------------------------------*/
   3          /* --- STC12C5Axx Series MCU UART (8-bit/9-bit)Demo ----------------*/
   4          /* --- Mobile: (86)13922805190 -------------------------------------*/
   5          /* --- Fax: 86-0513-55012956,55012947,55012969 ---------------------*/
   6          /* --- Tel: 86-0513-55012928,55012929,55012966----------------------*/
   7          /* --- Web: www.STCMCU.com -----------------------------------------*/
   8          /* --- Web: www.GXWMCU.com -----------------------------------------*/
   9          /* If you want to use the program or the program referenced in the  */
  10          /* article, please specify in which data and procedures from STC    */
  11          /*------------------------------------------------------------------*/
  12          
  13          #include "main.h"
  14          
  15          #define FOSC 11059200L      //System frequency
  16          #define BAUD 9600           //UART baudrate
  17          
  18          /*Define UART parity mode*/
  19          #define NONE_PARITY     0   //None parity
  20          #define ODD_PARITY      1   //Odd parity
  21          #define EVEN_PARITY     2   //Even parity
  22          #define MARK_PARITY     3   //Mark parity
  23          #define SPACE_PARITY    4   //Space parity
  24          
  25          #define PARITYBIT EVEN_PARITY   //Testing even parity
  26          
  27          sbit bit9 = P2^2;           //P2.2 show UART data bit9
  28          bit busy;
  29          
  30          void Uart_init()
  31          {
  32   1      #if (PARITYBIT == NONE_PARITY)
                  SCON = 0x50;            //8-bit variable UART
              #elif (PARITYBIT == ODD_PARITY) || (PARITYBIT == EVEN_PARITY) || (PARITYBIT == MARK_PARITY)
  35   1          SCON = 0xda;            //9-bit variable UART, parity bit initial to 1
  36   1      #elif (PARITYBIT == SPACE_PARITY)
                  SCON = 0xd2;            //9-bit variable UART, parity bit initial to 0
              #endif
  39   1      
  40   1          TMOD = 0x20;            //Set Timer1 as 8-bit auto reload mode
  41   1          TH1 = TL1 = -(FOSC/12/32/BAUD); //Set auto-reload vaule
  42   1          TR1 = 1;                //Timer1 start run
  43   1          ES = 1;                 //Enable UART interrupt
  44   1          EA = 1;                 //Open master interrupt switch
  45   1      }
  46          
  47          /*----------------------------
  48          UART interrupt service routine
  49          ----------------------------*/
  50          void Uart_Isr() interrupt 4 using 1
  51          {
  52   1          if (RI)
  53   1          {
  54   2              RI = 0;             //Clear receive interrupt flag
C51 COMPILER V9.52.0.0   UART                                                              09/18/2016 19:33:15 PAGE 2   

  55   2              P0 = SBUF;          //P0 show UART data
  56   2              bit9 = RB8;         //P2.2 show parity bit
  57   2          }
  58   1          if (TI)
  59   1          {
  60   2              TI = 0;             //Clear transmit interrupt flag
  61   2              busy = 0;           //Clear transmit busy flag
  62   2          }
  63   1      }
  64          
  65          /*----------------------------
  66          Send a byte data to UART
  67          Input: dat (data to be sent)
  68          Output:None
  69          ----------------------------*/
  70          void SendData(BYTE dat)
  71          {
  72   1          while (busy);           //Wait for the completion of the previous data is sent
  73   1          ACC = dat;              //Calculate the even parity bit P (PSW.0)
  74   1          if (P)                  //Set the parity bit according to P
  75   1          {
  76   2      #if (PARITYBIT == ODD_PARITY)
                      TB8 = 0;            //Set parity bit to 0
              #elif (PARITYBIT == EVEN_PARITY)
  79   2              TB8 = 1;            //Set parity bit to 1
  80   2      #endif
  81   2          }
  82   1          else
  83   1          {
  84   2      #if (PARITYBIT == ODD_PARITY)
                      TB8 = 1;            //Set parity bit to 1
              #elif (PARITYBIT == EVEN_PARITY)
  87   2              TB8 = 0;            //Set parity bit to 0
  88   2      #endif
  89   2          }
  90   1          busy = 1;
  91   1          SBUF = ACC;             //Send data to UART buffer
  92   1      }
  93          
  94          /*----------------------------
  95          Send a string to UART
  96          Input: s (address of string)
  97          Output:None
  98          ----------------------------*/
  99          void SendString(char *s)
 100          {
 101   1          while (*s)              //Check the end of the string
 102   1          {
 103   2              SendData(*s++);     //Send current char and increment string ptr
 104   2          }
 105   1      }
 106          


MODULE INFORMATION:   STATIC OVERLAYABLE
   CODE SIZE        =    112    ----
   CONSTANT SIZE    =   ----    ----
   XDATA SIZE       =   ----       3
   PDATA SIZE       =   ----    ----
   DATA SIZE        =   ----    ----
   IDATA SIZE       =   ----    ----
   BIT SIZE         =      1    ----
C51 COMPILER V9.52.0.0   UART                                                              09/18/2016 19:33:15 PAGE 3   

END OF MODULE INFORMATION.


C51 COMPILATION COMPLETE.  0 WARNING(S),  0 ERROR(S)
